0 info it worked if it ends with ok
1 verbose cli [ '/usr/local/bin/node', '/usr/local/bin/npm', 'publish' ]
2 info using npm@3.3.12
3 info using node@v5.3.0
4 verbose publish [ '.' ]
5 silly cache add args [ '.', null ]
6 verbose cache add spec .
7 silly cache add parsed spec Result {
7 silly cache add   raw: '.',
7 silly cache add   scope: null,
7 silly cache add   name: null,
7 silly cache add   rawSpec: '.',
7 silly cache add   spec: '/Users/andresdavid90/Developer/tumblr-lks-downldr',
7 silly cache add   type: 'directory' }
8 verbose addLocalDirectory /Users/andresdavid90/.npm/tumblr-lks-downldr/1.0.8/package.tgz not in flight; packing
9 info lifecycle tumblr-lks-downldr@1.0.8~prepublish: tumblr-lks-downldr@1.0.8
10 silly lifecycle tumblr-lks-downldr@1.0.8~prepublish: no script for prepublish, continuing
11 verbose tar pack [ '/Users/andresdavid90/.npm/tumblr-lks-downldr/1.0.8/package.tgz',
11 verbose tar pack   '/Users/andresdavid90/Developer/tumblr-lks-downldr' ]
12 verbose tarball /Users/andresdavid90/.npm/tumblr-lks-downldr/1.0.8/package.tgz
13 verbose folder /Users/andresdavid90/Developer/tumblr-lks-downldr
14 verbose addLocalTarball adding from inside cache /Users/andresdavid90/.npm/tumblr-lks-downldr/1.0.8/package.tgz
15 silly cache afterAdd tumblr-lks-downldr@1.0.8
16 verbose afterAdd /Users/andresdavid90/.npm/tumblr-lks-downldr/1.0.8/package/package.json not in flight; writing
17 verbose afterAdd /Users/andresdavid90/.npm/tumblr-lks-downldr/1.0.8/package/package.json written
18 silly publish { name: 'tumblr-lks-downldr',
18 silly publish   version: '1.0.8',
18 silly publish   description: 'Node module for downloading Tumblr liked posts from an specific user.',
18 silly publish   main: 'tumblr-lks-downldr.js',
18 silly publish   dependencies: { oauth: '^0.9.14', progress: '^1.1.8', stdio: '^0.2.7' },
18 silly publish   devDependencies: { eslint: '^1.7.1' },
18 silly publish   scripts: { test: 'echo "Error: no test specified" && exit 1' },
18 silly publish   repository:
18 silly publish    { type: 'git',
18 silly publish      url: 'git+https://github.com/andresdavid90/tumblr-lks-downldr.git' },
18 silly publish   keywords:
18 silly publish    [ 'tumblr',
18 silly publish      'likes',
18 silly publish      'download',
18 silly publish      'downloader',
18 silly publish      'posts',
18 silly publish      'save',
18 silly publish      'backup' ],
18 silly publish   preferGlobal: 'true',
18 silly publish   author:
18 silly publish    { name: 'Andrés Carreño',
18 silly publish      email: 'andresdavid90@gmail.com',
18 silly publish      url: 'http://andrescarreno.co' },
18 silly publish   license: 'ISC',
18 silly publish   bugs: { url: 'https://github.com/andresdavid90/TumblrLksDownldr/issues' },
18 silly publish   homepage: 'https://github.com/andresdavid90/TumblrLksDownldr#readme',
18 silly publish   bin: { 'tumblr-lks-downldr': 'tumblr-lks-downldr.js' },
18 silly publish   readme: '# Tumblr-Lks-Downldr\n[![npm version](https://badge.fury.io/js/tumblr-lks-downldr.svg)](https://www.npmjs.com/package/tumblr-lks-downldr)\n\nSimple and dumb utility for downloading your precious [Tumblr](https://tumblr.com) likes.\n\nYou have probably liked posts with text, photos, quotes, links, chats, audio, videos or/and answers BUT this is just for IMAGES.\n\n## How to use\n\nIf you\'re not a developer, using the a command line tool like this can be hard but no worries since I\'m currently working in an user interface for it [tumblr-lks-downldr-ui](https://github.com/andresdavid90/tumblr-lks-downldr-ui). For using it right now you still need to use the command line to run it but it\'s basically because it is still a **work in progress**.\n\nWe need [Node.js](https://nodejs.org) installed in order to run ```tumblr-lks-downldr```.\n\nInstall the module **globally** and then you\'ll have access to the ```tumblr-lks-downldr``` command anywhere on your system (use the same command to update it):\n```sh\nnpm install -g tumblr-lks-downldr\n```\n\nThen just run ```tumblr-lks-downldr``` defining you Tumblr url and the number of likes that you want to download (if you don\'t set any number the default is the whole list of liked posts that can actually be really big):\n```sh\ntumblr-lks-downldr -u \'andresdavid90.tumblr.com\' -l 1000\n```\n\nAnd of course a custom path if you want:\n```sh\ntumblr-lks-downldr -u \'andresdavid90.tumblr.com\' -l 1000 -p \'my-stupid-folder\'\n```\n\n## Issues\n\nI\'m definitely trying to maintain the utility updated so if anyone find an issue, don\'t hesitate to report it [here](https://github.com/andresdavid90/tumblr-lks-downldr/issues).\n',
18 silly publish   readmeFilename: 'README.md',
18 silly publish   gitHead: '28167156c3a60552c48bf9fc145053154403e36b',
18 silly publish   _id: 'tumblr-lks-downldr@1.0.8',
18 silly publish   _shasum: 'df0bc5ea3e94cfb97a49419852e55493bbe09b29',
18 silly publish   _from: '.' }
19 verbose getPublishConfig undefined
20 silly mapToRegistry name tumblr-lks-downldr
21 silly mapToRegistry using default registry
22 silly mapToRegistry registry https://registry.npmjs.org/
23 silly mapToRegistry uri https://registry.npmjs.org/tumblr-lks-downldr
24 verbose publish registryBase https://registry.npmjs.org/
25 silly publish uploading /Users/andresdavid90/.npm/tumblr-lks-downldr/1.0.8/package.tgz
26 verbose request uri https://registry.npmjs.org/tumblr-lks-downldr
27 verbose request sending authorization for write operation
28 info attempt registry request try #1 at 6:15:17 PM
29 verbose request using bearer token for auth
30 verbose request id dba1dc55b725faf0
31 http request PUT https://registry.npmjs.org/tumblr-lks-downldr
32 http 403 https://registry.npmjs.org/tumblr-lks-downldr
33 verbose headers { 'content-type': 'application/json',
33 verbose headers   'cache-control': 'max-age=300',
33 verbose headers   'content-length': '95',
33 verbose headers   'accept-ranges': 'bytes',
33 verbose headers   date: 'Sun, 17 Jan 2016 23:15:18 GMT',
33 verbose headers   via: '1.1 varnish',
33 verbose headers   connection: 'keep-alive',
33 verbose headers   'x-served-by': 'cache-iad2121-IAD',
33 verbose headers   'x-cache': 'MISS',
33 verbose headers   'x-cache-hits': '0',
33 verbose headers   'x-timer': 'S1453072517.898121,VS0,VE763' }
34 verbose request invalidating /Users/andresdavid90/.npm/registry.npmjs.org/tumblr-lks-downldr on PUT
35 error publish Failed PUT 403
36 verbose stack Error: "You cannot publish over the previously published version 1.0.8." : tumblr-lks-downldr
36 verbose stack     at makeError (/usr/local/lib/node_modules/npm/node_modules/npm-registry-client/lib/request.js:264:12)
36 verbose stack     at CachingRegistryClient.<anonymous> (/usr/local/lib/node_modules/npm/node_modules/npm-registry-client/lib/request.js:252:14)
36 verbose stack     at Request._callback (/usr/local/lib/node_modules/npm/node_modules/npm-registry-client/lib/request.js:172:14)
36 verbose stack     at Request.self.callback (/usr/local/lib/node_modules/npm/node_modules/request/request.js:198:22)
36 verbose stack     at emitTwo (events.js:87:13)
36 verbose stack     at Request.emit (events.js:172:7)
36 verbose stack     at Request.<anonymous> (/usr/local/lib/node_modules/npm/node_modules/request/request.js:1082:10)
36 verbose stack     at emitOne (events.js:82:20)
36 verbose stack     at Request.emit (events.js:169:7)
36 verbose stack     at IncomingMessage.<anonymous> (/usr/local/lib/node_modules/npm/node_modules/request/request.js:1009:12)
37 verbose statusCode 403
38 verbose pkgid tumblr-lks-downldr
39 verbose cwd /Users/andresdavid90/Developer/tumblr-lks-downldr
40 error Darwin 15.2.0
41 error argv "/usr/local/bin/node" "/usr/local/bin/npm" "publish"
42 error node v5.3.0
43 error npm  v3.3.12
44 error code E403
45 error "You cannot publish over the previously published version 1.0.8." : tumblr-lks-downldr
46 error If you need help, you may report this error at:
46 error     <https://github.com/npm/npm/issues>
47 verbose exit [ 1, true ]
